<?xml version="1.0" encoding="UTF-8"?>
<!-- Generated by org.testng.reporters.JUnitReportReporter -->
<testsuite skipped="0" hostname="LAPTOP-SF05AVNG" name="test.TestTestNG" tests="1" failures="0" timestamp="2021-03-19T18:18:31 EDT" time="0.725" errors="0">
  <testcase name="TestCase2" time="0.725" classname="test.TestTestNG"/>
  <system-out/>
</testsuite> <!-- test.TestTestNG -->
